
Showing logs for build [32mcb-kubecd-environment-pr-183-34-cb9b2-1[0m stage [32mfrom-build-pack[0m and container [32mstep-credential-initializer-r9l7n[0m
{"level":"warn","ts":1584428762.072039,"logger":"fallback-logger","caller":"logging/config.go:69","msg":"Fetch GitHub commit ID from kodata failed: \"ref: refs/heads/0.8.0-**-support-backwards-incompats\" is not a valid GitHub commit ID"}
{"level":"info","ts":1584428762.0740542,"logger":"fallback-logger","caller":"creds-init/main.go:40","msg":"Credentials initialized."}

Showing logs for build [32mcb-kubecd-environment-pr-183-34-cb9b2-1[0m stage [32mfrom-build-pack[0m and container [32mstep-working-dir-initializer-7wtgg[0m
{"level":"warn","ts":1584428763.0941868,"logger":"fallback-logger","caller":"logging/config.go:69","msg":"Fetch GitHub commit ID from kodata failed: open /var/run/ko/HEAD: no such file or directory"}
{"level":"info","ts":1584428763.1004925,"logger":"fallback-logger","caller":"bash/main.go:64","msg":"Successfully executed command \"sh -c mkdir -p /workspace/source\"; output "}

Showing logs for build [32mcb-kubecd-environment-pr-183-34-cb9b2-1[0m stage [32mfrom-build-pack[0m and container [32mstep-place-tools[0m

Showing logs for build [32mcb-kubecd-environment-pr-183-34-cb9b2-1[0m stage [32mfrom-build-pack[0m and container [32mstep-git-source-cb-kubecd-environment-pr-183-34-cb9b2-vk7mk[0m
{"level":"warn","ts":1584428769.390299,"logger":"fallback-logger","caller":"logging/config.go:69","msg":"Fetch GitHub commit ID from kodata failed: \"ref: refs/heads/0.8.0-**-support-backwards-incompats\" is not a valid GitHub commit ID"}
{"level":"info","ts":1584428770.468749,"logger":"fallback-logger","caller":"git/git.go:103","msg":"Successfully cloned https://github.com/cb-kubecd/environment-pr-183-34-boot-vault-gke-staging.git @ master in path /workspace/source"}

Showing logs for build [32mcb-kubecd-environment-pr-183-34-cb9b2-1[0m stage [32mfrom-build-pack[0m and container [32mstep-git-merge[0m
Using SHAs from PULL_REFS=master:89f974f955e368b9db39d4c201800a93d8e19b16,2:98073ee0aff9582e5304036b22d701b5cb95f9b0
DEBUG: LC_ALL=C JX_LOG_LEVEL=error git fetch origin --unshallow 98073ee0aff9582e5304036b22d701b5cb95f9b0: 89f974f955e368b9db39d4c201800a93d8e19b16:
DEBUG: ran git fetch --unshallow origin 98073ee0aff9582e5304036b22d701b5cb95f9b0: 89f974f955e368b9db39d4c201800a93d8e19b16: in 
DEBUG: LC_ALL=C JX_LOG_LEVEL=error git branch
DEBUG: JX_LOG_LEVEL=error LC_ALL=C git checkout master
DEBUG: ran git checkout master in 
DEBUG: LC_ALL=C JX_LOG_LEVEL=error git reset --hard 89f974f955e368b9db39d4c201800a93d8e19b16
DEBUG: ran git reset --hard 89f974f955e368b9db39d4c201800a93d8e19b16 in 
DEBUG: LC_ALL=C JX_LOG_LEVEL=error git clean -fd .
DEBUG: ran clean --force -d . in 
DEBUG: LC_ALL=C JX_LOG_LEVEL=error git merge 98073ee0aff9582e5304036b22d701b5cb95f9b0
DEBUG: ran git merge 98073ee0aff9582e5304036b22d701b5cb95f9b0 in 
DEBUG: LC_ALL=C JX_LOG_LEVEL=error git log --format=%H%x1f%an%x1f%ae%x1f%cn%x1f%ce%x1f%s%n%b%x1e 89f974f955e368b9db39d4c201800a93d8e19b16..HEAD
Merged SHA 98073ee0aff9582e5304036b22d701b5cb95f9b0 with commit message 'chore: Promote bdd-nh-1584428429 to version 0.0.1' into base branch master

Showing logs for build [32mcb-kubecd-environment-pr-183-34-cb9b2-1[0m stage [32mfrom-build-pack[0m and container [32mstep-build-helm-build[0m
WARNING: No $CHART_REPOSITORY defined so using the default value of: http://jenkins-x-chartmuseum:8080
Adding missing Helm repo: storage.googleapis.com https://storage.googleapis.com/chartmuseum.jenkins-x.io
WARNING: No secrets found on "helm/repos" due: reading the secret "helm/repos" from vault: no secret "helm/repos" not found in vault
Read credentials for https://storage.googleapis.com/chartmuseum.jenkins-x.io from vault helm/repos
Successfully added Helm repository storage.googleapis.com.
Adding missing Helm repo: jenkins-x-chartmuseum http://jenkins-x-chartmuseum:8080
WARNING: No secrets found on "helm/repos" due: reading the secret "helm/repos" from vault: no secret "helm/repos" not found in vault
Read credentials for http://jenkins-x-chartmuseum:8080 from vault helm/repos
Successfully added Helm repository jenkins-x-chartmuseum.
WARNING: No $CHART_REPOSITORY defined so using the default value of: http://jenkins-x-chartmuseum:8080
Adding missing Helm repo: chartmuseum.jenkins-x.io http://chartmuseum.jenkins-x.io
WARNING: No secrets found on "helm/repos" due: reading the secret "helm/repos" from vault: no secret "helm/repos" not found in vault
Read credentials for http://chartmuseum.jenkins-x.io from vault helm/repos
Successfully added Helm repository chartmuseum.jenkins-x.io.
